c:\users\admin\documents\visual studio 2017\projects\essaitexture\essaitexturelib\release\essaitexturelib.pdb
c:\users\admin\documents\visual studio 2017\projects\essaitexture\essaitexturelib\release\b2contactmanager.obj
c:\users\admin\documents\visual studio 2017\projects\essaitexture\essaitexturelib\release\b2body.obj
c:\users\admin\documents\visual studio 2017\projects\essaitexture\essaitexturelib\release\b2timer.obj
c:\users\admin\documents\visual studio 2017\projects\essaitexture\essaitexturelib\release\b2stackallocator.obj
c:\users\admin\documents\visual studio 2017\projects\essaitexture\essaitexturelib\release\b2settings.obj
c:\users\admin\documents\visual studio 2017\projects\essaitexture\essaitexturelib\release\b2math.obj
c:\users\admin\documents\visual studio 2017\projects\essaitexture\essaitexturelib\release\b2draw.obj
c:\users\admin\documents\visual studio 2017\projects\essaitexture\essaitexturelib\release\b2blockallocator.obj
c:\users\admin\documents\visual studio 2017\projects\essaitexture\essaitexturelib\release\b2polygonshape.obj
c:\users\admin\documents\visual studio 2017\projects\essaitexture\essaitexturelib\release\b2edgeshape.obj
c:\users\admin\documents\visual studio 2017\projects\essaitexture\essaitexturelib\release\b2circleshape.obj
c:\users\admin\documents\visual studio 2017\projects\essaitexture\essaitexturelib\release\b2chainshape.obj
c:\users\admin\documents\visual studio 2017\projects\essaitexture\essaitexturelib\release\b2timeofimpact.obj
c:\users\admin\documents\visual studio 2017\projects\essaitexture\essaitexturelib\release\b2dynamictree.obj
c:\users\admin\documents\visual studio 2017\projects\essaitexture\essaitexturelib\release\b2distance.obj
c:\users\admin\documents\visual studio 2017\projects\essaitexture\essaitexturelib\release\b2collision.obj
c:\users\admin\documents\visual studio 2017\projects\essaitexture\essaitexturelib\release\b2collidepolygon.obj
c:\users\admin\documents\visual studio 2017\projects\essaitexture\essaitexturelib\release\b2collideedge.obj
c:\users\admin\documents\visual studio 2017\projects\essaitexture\essaitexturelib\release\b2collidecircle.obj
c:\users\admin\documents\visual studio 2017\projects\essaitexture\essaitexturelib\release\b2broadphase.obj
c:\users\admin\documents\visual studio 2017\projects\essaitexture\essaitexturelib\release\b2prismaticjoint.obj
c:\users\admin\documents\visual studio 2017\projects\essaitexture\essaitexturelib\release\b2mousejoint.obj
c:\users\admin\documents\visual studio 2017\projects\essaitexture\essaitexturelib\release\b2motorjoint.obj
c:\users\admin\documents\visual studio 2017\projects\essaitexture\essaitexturelib\release\b2joint.obj
c:\users\admin\documents\visual studio 2017\projects\essaitexture\essaitexturelib\release\b2gearjoint.obj
c:\users\admin\documents\visual studio 2017\projects\essaitexture\essaitexturelib\release\b2frictionjoint.obj
c:\users\admin\documents\visual studio 2017\projects\essaitexture\essaitexturelib\release\b2distancejoint.obj
c:\users\admin\documents\visual studio 2017\projects\essaitexture\essaitexturelib\release\b2polygoncontact.obj
c:\users\admin\documents\visual studio 2017\projects\essaitexture\essaitexturelib\release\b2polygonandcirclecontact.obj
c:\users\admin\documents\visual studio 2017\projects\essaitexture\essaitexturelib\release\b2edgeandpolygoncontact.obj
c:\users\admin\documents\visual studio 2017\projects\essaitexture\essaitexturelib\release\b2edgeandcirclecontact.obj
c:\users\admin\documents\visual studio 2017\projects\essaitexture\essaitexturelib\release\b2contactsolver.obj
c:\users\admin\documents\visual studio 2017\projects\essaitexture\essaitexturelib\release\b2contact.obj
c:\users\admin\documents\visual studio 2017\projects\essaitexture\essaitexturelib\release\b2circlecontact.obj
c:\users\admin\documents\visual studio 2017\projects\essaitexture\essaitexturelib\release\b2chainandpolygoncontact.obj
c:\users\admin\documents\visual studio 2017\projects\essaitexture\essaitexturelib\release\b2chainandcirclecontact.obj
c:\users\admin\documents\visual studio 2017\projects\essaitexture\essaitexturelib\release\b2worldcallbacks.obj
c:\users\admin\documents\visual studio 2017\projects\essaitexture\essaitexturelib\release\b2world.obj
c:\users\admin\documents\visual studio 2017\projects\essaitexture\essaitexturelib\release\b2island.obj
c:\users\admin\documents\visual studio 2017\projects\essaitexture\essaitexturelib\release\b2fixture.obj
c:\users\admin\documents\visual studio 2017\projects\essaitexture\essaitexturelib\release\world.obj
c:\users\admin\documents\visual studio 2017\projects\essaitexture\essaitexturelib\release\themain.obj
c:\users\admin\documents\visual studio 2017\projects\essaitexture\essaitexturelib\release\state.obj
c:\users\admin\documents\visual studio 2017\projects\essaitexture\essaitexturelib\release\menumainstate.obj
c:\users\admin\documents\visual studio 2017\projects\essaitexture\essaitexturelib\release\menulevelstate.obj
c:\users\admin\documents\visual studio 2017\projects\essaitexture\essaitexturelib\release\lemain.obj
c:\users\admin\documents\visual studio 2017\projects\essaitexture\essaitexturelib\release\gamestate.obj
c:\users\admin\documents\visual studio 2017\projects\essaitexture\essaitexturelib\release\b2rope.obj
c:\users\admin\documents\visual studio 2017\projects\essaitexture\essaitexturelib\release\b2wheeljoint.obj
c:\users\admin\documents\visual studio 2017\projects\essaitexture\essaitexturelib\release\b2weldjoint.obj
c:\users\admin\documents\visual studio 2017\projects\essaitexture\essaitexturelib\release\b2ropejoint.obj
c:\users\admin\documents\visual studio 2017\projects\essaitexture\essaitexturelib\release\b2revolutejoint.obj
c:\users\admin\documents\visual studio 2017\projects\essaitexture\essaitexturelib\release\b2pulleyjoint.obj
c:\users\admin\documents\visual studio 2017\projects\essaitexture\release\essaitexturelib.lib
c:\users\admin\documents\visual studio 2017\projects\essaitexture\essaitexturelib\release\essaitexturelib.tlog\cl.command.1.tlog
c:\users\admin\documents\visual studio 2017\projects\essaitexture\essaitexturelib\release\essaitexturelib.tlog\cl.read.1.tlog
c:\users\admin\documents\visual studio 2017\projects\essaitexture\essaitexturelib\release\essaitexturelib.tlog\cl.write.1.tlog
c:\users\admin\documents\visual studio 2017\projects\essaitexture\essaitexturelib\release\essaitexturelib.tlog\lib-link.read.1.tlog
c:\users\admin\documents\visual studio 2017\projects\essaitexture\essaitexturelib\release\essaitexturelib.tlog\lib-link.write.1.tlog
c:\users\admin\documents\visual studio 2017\projects\essaitexture\essaitexturelib\release\essaitexturelib.tlog\lib.command.1.tlog
